  Source.cpp
C:\Program Files\Microsoft Visual Studio\2022\Community\VC\Tools\MSVC\14.31.31103\include\utility(190,16): warning C4244: 'initializing': conversion from '_Ty' to '_Ty1', possible loss of data
          with
          [
              _Ty=int
          ]
          and
          [
              _Ty1=float
          ]
D:\C++\Albion_openCV\SFML\SFML\Headers\Config.h(40): message : see reference to function template instantiation 'std::pair<float,float>::pair<int,int,0>(_Other1 &&,_Other2 &&) noexcept' being compiled
          with
          [
              _Other1=int,
              _Other2=int
          ]
D:\C++\Albion_openCV\SFML\SFML\Headers\Config.h(40): message : see reference to function template instantiation 'std::pair<float,float>::pair<int,int,0>(_Other1 &&,_Other2 &&) noexcept' being compiled
          with
          [
              _Other1=int,
              _Other2=int
          ]
C:\Program Files\Microsoft Visual Studio\2022\Community\VC\Tools\MSVC\14.31.31103\include\utility(190,54): warning C4244: 'initializing': conversion from '_Ty' to '_Ty2', possible loss of data
          with
          [
              _Ty=int
          ]
          and
          [
              _Ty2=float
          ]
  Config.cpp
C:\Program Files\Microsoft Visual Studio\2022\Community\VC\Tools\MSVC\14.31.31103\include\utility(190,16): warning C4244: 'initializing': conversion from '_Ty' to '_Ty1', possible loss of data
          with
          [
              _Ty=int
          ]
          and
          [
              _Ty1=float
          ]
D:\C++\Albion_openCV\SFML\SFML\Headers\Config.h(40): message : see reference to function template instantiation 'std::pair<float,float>::pair<int,int,0>(_Other1 &&,_Other2 &&) noexcept' being compiled
          with
          [
              _Other1=int,
              _Other2=int
          ]
D:\C++\Albion_openCV\SFML\SFML\Headers\Config.h(40): message : see reference to function template instantiation 'std::pair<float,float>::pair<int,int,0>(_Other1 &&,_Other2 &&) noexcept' being compiled
          with
          [
              _Other1=int,
              _Other2=int
          ]
C:\Program Files\Microsoft Visual Studio\2022\Community\VC\Tools\MSVC\14.31.31103\include\utility(190,54): warning C4244: 'initializing': conversion from '_Ty' to '_Ty2', possible loss of data
          with
          [
              _Ty=int
          ]
          and
          [
              _Ty2=float
          ]
  Game.cpp
D:\C++\Albion_openCV\SFML\SFML\Sources\Game.cpp(244,52): warning C4244: 'argument': conversion from 'int' to 'T', possible loss of data
          with
          [
              T=float
          ]
D:\C++\Albion_openCV\SFML\SFML\Sources\Game.cpp(244,45): warning C4244: 'argument': conversion from 'int' to 'T', possible loss of data
          with
          [
              T=float
          ]
D:\C++\Albion_openCV\SFML\SFML\Sources\Game.cpp(773,36): warning C4244: 'argument': conversion from 'int' to 'float', possible loss of data
D:\C++\Albion_openCV\SFML\SFML\Sources\Game.cpp(773,23): warning C4244: 'argument': conversion from 'int' to 'float', possible loss of data
C:\Program Files\Microsoft Visual Studio\2022\Community\VC\Tools\MSVC\14.31.31103\include\utility(190,16): warning C4244: 'initializing': conversion from '_Ty' to '_Ty1', possible loss of data
          with
          [
              _Ty=int
          ]
          and
          [
              _Ty1=float
          ]
D:\C++\Albion_openCV\SFML\SFML\Headers\Config.h(40): message : see reference to function template instantiation 'std::pair<float,float>::pair<int,int,0>(_Other1 &&,_Other2 &&) noexcept' being compiled
          with
          [
              _Other1=int,
              _Other2=int
          ]
D:\C++\Albion_openCV\SFML\SFML\Headers\Config.h(40): message : see reference to function template instantiation 'std::pair<float,float>::pair<int,int,0>(_Other1 &&,_Other2 &&) noexcept' being compiled
          with
          [
              _Other1=int,
              _Other2=int
          ]
C:\Program Files\Microsoft Visual Studio\2022\Community\VC\Tools\MSVC\14.31.31103\include\utility(190,54): warning C4244: 'initializing': conversion from '_Ty' to '_Ty2', possible loss of data
          with
          [
              _Ty=int
          ]
          and
          [
              _Ty2=float
          ]
  MoveToPosition.cpp
D:\C++\Albion_openCV\SFML\SFML\Sources\MoveToPosition.cpp(102,73): warning C4244: 'argument': conversion from '_Ty2' to 'int', possible loss of data
          with
          [
              _Ty2=float
          ]
D:\C++\Albion_openCV\SFML\SFML\Sources\MoveToPosition.cpp(102,40): warning C4244: 'argument': conversion from '_Ty1' to 'int', possible loss of data
          with
          [
              _Ty1=float
          ]
D:\C++\Albion_openCV\SFML\SFML\Sources\MoveToPosition.cpp(107,73): warning C4244: 'argument': conversion from '_Ty2' to 'int', possible loss of data
          with
          [
              _Ty2=float
          ]
D:\C++\Albion_openCV\SFML\SFML\Sources\MoveToPosition.cpp(107,40): warning C4244: 'argument': conversion from '_Ty1' to 'int', possible loss of data
          with
          [
              _Ty1=float
          ]
D:\C++\Albion_openCV\SFML\SFML\Sources\MoveToPosition.cpp(109,94): warning C4244: 'argument': conversion from '_Ty2' to 'int', possible loss of data
          with
          [
              _Ty2=float
          ]
D:\C++\Albion_openCV\SFML\SFML\Sources\MoveToPosition.cpp(109,40): warning C4244: 'argument': conversion from '_Ty1' to 'int', possible loss of data
          with
          [
              _Ty1=float
          ]
D:\C++\Albion_openCV\SFML\SFML\Sources\MoveToPosition.cpp(114,73): warning C4244: 'argument': conversion from '_Ty2' to 'int', possible loss of data
          with
          [
              _Ty2=float
          ]
D:\C++\Albion_openCV\SFML\SFML\Sources\MoveToPosition.cpp(114,40): warning C4244: 'argument': conversion from '_Ty1' to 'int', possible loss of data
          with
          [
              _Ty1=float
          ]
D:\C++\Albion_openCV\SFML\SFML\Sources\MoveToPosition.cpp(116,95): warning C4244: 'argument': conversion from '_Ty2' to 'int', possible loss of data
          with
          [
              _Ty2=float
          ]
D:\C++\Albion_openCV\SFML\SFML\Sources\MoveToPosition.cpp(116,40): warning C4244: 'argument': conversion from '_Ty1' to 'int', possible loss of data
          with
          [
              _Ty1=float
          ]
D:\C++\Albion_openCV\SFML\SFML\Sources\MoveToPosition.cpp(121,74): warning C4244: 'argument': conversion from '_Ty2' to 'int', possible loss of data
          with
          [
              _Ty2=float
          ]
D:\C++\Albion_openCV\SFML\SFML\Sources\MoveToPosition.cpp(121,40): warning C4244: 'argument': conversion from '_Ty1' to 'int', possible loss of data
          with
          [
              _Ty1=float
          ]
D:\C++\Albion_openCV\SFML\SFML\Sources\MoveToPosition.cpp(123,100): warning C4244: 'argument': conversion from '_Ty2' to 'int', possible loss of data
          with
          [
              _Ty2=float
          ]
D:\C++\Albion_openCV\SFML\SFML\Sources\MoveToPosition.cpp(123,40): warning C4244: 'argument': conversion from '_Ty1' to 'int', possible loss of data
          with
          [
              _Ty1=float
          ]
D:\C++\Albion_openCV\SFML\SFML\Sources\MoveToPosition.cpp(128,73): warning C4244: 'argument': conversion from '_Ty2' to 'int', possible loss of data
          with
          [
              _Ty2=float
          ]
D:\C++\Albion_openCV\SFML\SFML\Sources\MoveToPosition.cpp(128,40): warning C4244: 'argument': conversion from '_Ty1' to 'int', possible loss of data
          with
          [
              _Ty1=float
          ]
D:\C++\Albion_openCV\SFML\SFML\Sources\MoveToPosition.cpp(130,101): warning C4244: 'argument': conversion from '_Ty2' to 'int', possible loss of data
          with
          [
              _Ty2=float
          ]
D:\C++\Albion_openCV\SFML\SFML\Sources\MoveToPosition.cpp(130,40): warning C4244: 'argument': conversion from '_Ty1' to 'int', possible loss of data
          with
          [
              _Ty1=float
          ]
D:\C++\Albion_openCV\SFML\SFML\Sources\MoveToPosition.cpp(135,74): warning C4244: 'argument': conversion from '_Ty2' to 'int', possible loss of data
          with
          [
              _Ty2=float
          ]
D:\C++\Albion_openCV\SFML\SFML\Sources\MoveToPosition.cpp(135,40): warning C4244: 'argument': conversion from '_Ty1' to 'int', possible loss of data
          with
          [
              _Ty1=float
          ]
D:\C++\Albion_openCV\SFML\SFML\Sources\MoveToPosition.cpp(137,97): warning C4244: 'argument': conversion from '_Ty2' to 'int', possible loss of data
          with
          [
              _Ty2=float
          ]
D:\C++\Albion_openCV\SFML\SFML\Sources\MoveToPosition.cpp(137,40): warning C4244: 'argument': conversion from '_Ty1' to 'int', possible loss of data
          with
          [
              _Ty1=float
          ]
D:\C++\Albion_openCV\SFML\SFML\Sources\MoveToPosition.cpp(142,73): warning C4244: 'argument': conversion from '_Ty2' to 'int', possible loss of data
          with
          [
              _Ty2=float
          ]
D:\C++\Albion_openCV\SFML\SFML\Sources\MoveToPosition.cpp(142,40): warning C4244: 'argument': conversion from '_Ty1' to 'int', possible loss of data
          with
          [
              _Ty1=float
          ]
D:\C++\Albion_openCV\SFML\SFML\Sources\MoveToPosition.cpp(147,74): warning C4244: 'argument': conversion from '_Ty2' to 'int', possible loss of data
          with
          [
              _Ty2=float
          ]
D:\C++\Albion_openCV\SFML\SFML\Sources\MoveToPosition.cpp(147,40): warning C4244: 'argument': conversion from '_Ty1' to 'int', possible loss of data
          with
          [
              _Ty1=float
          ]
D:\C++\Albion_openCV\SFML\SFML\Sources\MoveToPosition.cpp(152,73): warning C4244: 'argument': conversion from '_Ty2' to 'int', possible loss of data
          with
          [
              _Ty2=float
          ]
D:\C++\Albion_openCV\SFML\SFML\Sources\MoveToPosition.cpp(152,40): warning C4244: 'argument': conversion from '_Ty1' to 'int', possible loss of data
          with
          [
              _Ty1=float
          ]
D:\C++\Albion_openCV\SFML\SFML\Sources\MoveToPosition.cpp(157,74): warning C4244: 'argument': conversion from '_Ty2' to 'int', possible loss of data
          with
          [
              _Ty2=float
          ]
D:\C++\Albion_openCV\SFML\SFML\Sources\MoveToPosition.cpp(157,40): warning C4244: 'argument': conversion from '_Ty1' to 'int', possible loss of data
          with
          [
              _Ty1=float
          ]
D:\C++\Albion_openCV\SFML\SFML\Sources\MoveToPosition.cpp(162,73): warning C4244: 'argument': conversion from '_Ty2' to 'int', possible loss of data
          with
          [
              _Ty2=float
          ]
D:\C++\Albion_openCV\SFML\SFML\Sources\MoveToPosition.cpp(162,40): warning C4244: 'argument': conversion from '_Ty1' to 'int', possible loss of data
          with
          [
              _Ty1=float
          ]
D:\C++\Albion_openCV\SFML\SFML\Sources\MoveToPosition.cpp(167,73): warning C4244: 'argument': conversion from '_Ty2' to 'int', possible loss of data
          with
          [
              _Ty2=float
          ]
D:\C++\Albion_openCV\SFML\SFML\Sources\MoveToPosition.cpp(167,40): warning C4244: 'argument': conversion from '_Ty1' to 'int', possible loss of data
          with
          [
              _Ty1=float
          ]
D:\C++\Albion_openCV\SFML\SFML\Sources\MoveToPosition.cpp(173,73): warning C4244: 'argument': conversion from '_Ty2' to 'int', possible loss of data
          with
          [
              _Ty2=float
          ]
D:\C++\Albion_openCV\SFML\SFML\Sources\MoveToPosition.cpp(173,40): warning C4244: 'argument': conversion from '_Ty1' to 'int', possible loss of data
          with
          [
              _Ty1=float
          ]
D:\C++\Albion_openCV\SFML\SFML\Sources\MoveToPosition.cpp(179,74): warning C4244: 'argument': conversion from '_Ty2' to 'int', possible loss of data
          with
          [
              _Ty2=float
          ]
D:\C++\Albion_openCV\SFML\SFML\Sources\MoveToPosition.cpp(179,40): warning C4244: 'argument': conversion from '_Ty1' to 'int', possible loss of data
          with
          [
              _Ty1=float
          ]
D:\C++\Albion_openCV\SFML\SFML\Sources\MoveToPosition.cpp(184,74): warning C4244: 'argument': conversion from '_Ty2' to 'int', possible loss of data
          with
          [
              _Ty2=float
          ]
D:\C++\Albion_openCV\SFML\SFML\Sources\MoveToPosition.cpp(184,40): warning C4244: 'argument': conversion from '_Ty1' to 'int', possible loss of data
          with
          [
              _Ty1=float
          ]
D:\C++\Albion_openCV\SFML\SFML\Sources\MoveToPosition.cpp(189,74): warning C4244: 'argument': conversion from '_Ty2' to 'int', possible loss of data
          with
          [
              _Ty2=float
          ]
D:\C++\Albion_openCV\SFML\SFML\Sources\MoveToPosition.cpp(189,40): warning C4244: 'argument': conversion from '_Ty1' to 'int', possible loss of data
          with
          [
              _Ty1=float
          ]
D:\C++\Albion_openCV\SFML\SFML\Sources\MoveToPosition.cpp(194,73): warning C4244: 'argument': conversion from '_Ty2' to 'int', possible loss of data
          with
          [
              _Ty2=float
          ]
D:\C++\Albion_openCV\SFML\SFML\Sources\MoveToPosition.cpp(194,40): warning C4244: 'argument': conversion from '_Ty1' to 'int', possible loss of data
          with
          [
              _Ty1=float
          ]
D:\C++\Albion_openCV\SFML\SFML\Sources\MoveToPosition.cpp(206,73): warning C4244: 'argument': conversion from '_Ty2' to 'int', possible loss of data
          with
          [
              _Ty2=float
          ]
D:\C++\Albion_openCV\SFML\SFML\Sources\MoveToPosition.cpp(206,40): warning C4244: 'argument': conversion from '_Ty1' to 'int', possible loss of data
          with
          [
              _Ty1=float
          ]
D:\C++\Albion_openCV\SFML\SFML\Sources\MoveToPosition.cpp(223,73): warning C4244: 'argument': conversion from '_Ty2' to 'int', possible loss of data
          with
          [
              _Ty2=float
          ]
D:\C++\Albion_openCV\SFML\SFML\Sources\MoveToPosition.cpp(223,40): warning C4244: 'argument': conversion from '_Ty1' to 'int', possible loss of data
          with
          [
              _Ty1=float
          ]
D:\C++\Albion_openCV\SFML\SFML\Sources\MoveToPosition.cpp(228,74): warning C4244: 'argument': conversion from '_Ty2' to 'int', possible loss of data
          with
          [
              _Ty2=float
          ]
D:\C++\Albion_openCV\SFML\SFML\Sources\MoveToPosition.cpp(228,40): warning C4244: 'argument': conversion from '_Ty1' to 'int', possible loss of data
          with
          [
              _Ty1=float
          ]
D:\C++\Albion_openCV\SFML\SFML\Sources\MoveToPosition.cpp(233,73): warning C4244: 'argument': conversion from '_Ty2' to 'int', possible loss of data
          with
          [
              _Ty2=float
          ]
D:\C++\Albion_openCV\SFML\SFML\Sources\MoveToPosition.cpp(233,40): warning C4244: 'argument': conversion from '_Ty1' to 'int', possible loss of data
          with
          [
              _Ty1=float
          ]
C:\Program Files\Microsoft Visual Studio\2022\Community\VC\Tools\MSVC\14.31.31103\include\utility(190,16): warning C4244: 'initializing': conversion from '_Ty' to '_Ty1', possible loss of data
          with
          [
              _Ty=int
          ]
          and
          [
              _Ty1=float
          ]
D:\C++\Albion_openCV\SFML\SFML\Headers\Config.h(40): message : see reference to function template instantiation 'std::pair<float,float>::pair<int,int,0>(_Other1 &&,_Other2 &&) noexcept' being compiled
          with
          [
              _Other1=int,
              _Other2=int
          ]
D:\C++\Albion_openCV\SFML\SFML\Headers\Config.h(40): message : see reference to function template instantiation 'std::pair<float,float>::pair<int,int,0>(_Other1 &&,_Other2 &&) noexcept' being compiled
          with
          [
              _Other1=int,
              _Other2=int
          ]
C:\Program Files\Microsoft Visual Studio\2022\Community\VC\Tools\MSVC\14.31.31103\include\utility(190,54): warning C4244: 'initializing': conversion from '_Ty' to '_Ty2', possible loss of data
          with
          [
              _Ty=int
          ]
          and
          [
              _Ty2=float
          ]
  Generating code
  Previous IPDB and IOBJ mismatch, fall back to full compilation.
D:\C++\Albion_openCV\SFML\SFML\Sources\ScreenCapture.cpp(17): warning C4172: returning address of local variable or temporary: wtext
D:\C++\Albion_openCV\SFML\SFML\Sources\DataBase.cpp(279): warning C4715: 'CityToIndex': not all control paths return a value
D:\C++\Albion_openCV\SFML\SFML\Sources\MarketAction.cpp(303): warning C4715: 'CheckItemLimit': not all control paths return a value
D:\C++\Albion_openCV\SFML\SFML\Sources\MyTime.cpp(127): warning C4715: 'MonthToIndex': not all control paths return a value
D:\C++\Albion_openCV\SFML\SFML\Sources\DataBase.cpp(255): warning C4715: 'IndexToCity': not all control paths return a value
  All 2335 functions were compiled because no usable IPDB/IOBJ from previous compilation was found.
  Finished generating code
  SFML.vcxproj -> D:\C++\Albion_openCV\SFML\x64\Release\SFML.exe
