d:\c++\albion_opencv\sfml\sfml\x64\release\vc143.pdb
d:\c++\albion_opencv\sfml\sfml\x64\release\shapes.obj
d:\c++\albion_opencv\sfml\sfml\x64\release\screencapture.obj
d:\c++\albion_opencv\sfml\sfml\x64\release\mytime.obj
d:\c++\albion_opencv\sfml\sfml\x64\release\myimg.obj
d:\c++\albion_opencv\sfml\sfml\x64\release\movetoposition.obj
d:\c++\albion_opencv\sfml\sfml\x64\release\marketaction.obj
d:\c++\albion_opencv\sfml\sfml\x64\release\mainmenu.obj
d:\c++\albion_opencv\sfml\sfml\x64\release\items.obj
d:\c++\albion_opencv\sfml\sfml\x64\release\item.obj
d:\c++\albion_opencv\sfml\sfml\x64\release\game.obj
d:\c++\albion_opencv\sfml\sfml\x64\release\database.obj
d:\c++\albion_opencv\sfml\sfml\x64\release\config.obj
d:\c++\albion_opencv\sfml\sfml\x64\release\source.obj
d:\c++\albion_opencv\sfml\x64\release\sfml.exe
d:\c++\albion_opencv\sfml\sfml\x64\release\sfml.ipdb
d:\c++\albion_opencv\sfml\x64\release\sfml.pdb
d:\c++\albion_opencv\sfml\sfml\x64\release\sfml.iobj
d:\c++\albion_opencv\sfml\sfml\x64\release\sfml.tlog\cl.command.1.tlog
d:\c++\albion_opencv\sfml\sfml\x64\release\sfml.tlog\cl.read.1.tlog
d:\c++\albion_opencv\sfml\sfml\x64\release\sfml.tlog\cl.write.1.tlog
d:\c++\albion_opencv\sfml\sfml\x64\release\sfml.tlog\link.command.1.tlog
d:\c++\albion_opencv\sfml\sfml\x64\release\sfml.tlog\link.read.1.tlog
d:\c++\albion_opencv\sfml\sfml\x64\release\sfml.tlog\link.write.1.tlog
