  Source.cpp
  Config.cpp
  DataBase.cpp
D:\C++\Albion_openCV\SFML\SFML\Sources\DataBase.cpp(33,15): warning C4244: 'initializing': conversion from 'double' to 'int', possible loss of data
  Game.cpp
D:\C++\Albion_openCV\SFML\SFML\Sources\Game.cpp(162,52): warning C4244: 'argument': conversion from 'int' to 'T', possible loss of data
          with
          [
              T=float
          ]
D:\C++\Albion_openCV\SFML\SFML\Sources\Game.cpp(162,45): warning C4244: 'argument': conversion from 'int' to 'T', possible loss of data
          with
          [
              T=float
          ]
D:\C++\Albion_openCV\SFML\SFML\Sources\Game.cpp(587,36): warning C4244: 'argument': conversion from 'int' to 'float', possible loss of data
D:\C++\Albion_openCV\SFML\SFML\Sources\Game.cpp(587,23): warning C4244: 'argument': conversion from 'int' to 'float', possible loss of data
  Item.cpp
  Items.cpp
  MainMenu.cpp
  MarketAction.cpp
  MoveToPosition.cpp
  MyImg.cpp
  MyTime.cpp
  ScreenCapture.cpp
  Shapes.cpp
Game.obj : error LNK2001: unresolved external symbol "__declspec(dllimport) public: static class sf::RenderStates const sf::RenderStates::Default" (__imp_?Default@RenderStates@sf@@2V12@B)
Game.obj : error LNK2001: unresolved external symbol "__declspec(dllimport) public: class sf::Time __thiscall sf::Clock::restart(void)" (__imp_?restart@Clock@sf@@QAE?AVTime@2@XZ)
Game.obj : error LNK2001: unresolved external symbol "__declspec(dllimport) public: __thiscall sf::Clock::Clock(void)" (__imp_??0Clock@sf@@QAE@XZ)
Game.obj : error LNK2001: unresolved external symbol "__declspec(dllimport) public: static class sf::Color const sf::Color::White" (__imp_?White@Color@sf@@2V12@B)
Game.obj : error LNK2001: unresolved external symbol "__declspec(dllimport) public: float __thiscall sf::Time::asSeconds(void)const " (__imp_?asSeconds@Time@sf@@QBEMXZ)
Game.obj : error LNK2001: unresolved external symbol "__declspec(dllimport) public: class sf::Vector2<float> const & __thiscall sf::Transformable::getPosition(void)const " (__imp_?getPosition@Transformable@sf@@QBEABV?$Vector2@M@2@XZ)
Game.obj : error LNK2001: unresolved external symbol "__declspec(dllimport) public: void __thiscall sf::Transformable::setScale(class sf::Vector2<float> const &)" (__imp_?setScale@Transformable@sf@@QAEXABV?$Vector2@M@2@@Z)
Game.obj : error LNK2001: unresolved external symbol "__declspec(dllimport) public: void __thiscall sf::Transformable::setPosition(float,float)" (__imp_?setPosition@Transformable@sf@@QAEXMM@Z)
Game.obj : error LNK2001: unresolved external symbol "__declspec(dllimport) public: void __thiscall sf::Transformable::setPosition(class sf::Vector2<float> const &)" (__imp_?setPosition@Transformable@sf@@QAEXABV?$Vector2@M@2@@Z)
Game.obj : error LNK2001: unresolved external symbol "__declspec(dllimport) public: __thiscall sf::Texture::~Texture(void)" (__imp_??1Texture@sf@@QAE@XZ)
Game.obj : error LNK2001: unresolved external symbol "__declspec(dllimport) public: bool __thiscall sf::Font::loadFromFile(class std::basic_string<char,struct std::char_traits<char>,class std::allocator<char> > const &)" (__imp_?loadFromFile@Font@sf@@QAE_NABV?$basic_string@DU?$char_traits@D@std@@V?$allocator@D@2@@std@@@Z)
Game.obj : error LNK2001: unresolved external symbol "__declspec(dllimport) public: __thiscall sf::Font::~Font(void)" (__imp_??1Font@sf@@QAE@XZ)
Game.obj : error LNK2001: unresolved external symbol "__declspec(dllimport) public: __thiscall sf::Font::Font(void)" (__imp_??0Font@sf@@QAE@XZ)
Game.obj : error LNK2001: unresolved external symbol "__declspec(dllimport) protected: virtual void __thiscall sf::RenderWindow::onResize(void)" (__imp_?onResize@RenderWindow@sf@@MAEXXZ)
Game.obj : error LNK2001: unresolved external symbol "__declspec(dllimport) protected: virtual void __thiscall sf::RenderWindow::onCreate(void)" (__imp_?onCreate@RenderWindow@sf@@MAEXXZ)
Game.obj : error LNK2001: unresolved external symbol "__declspec(dllimport) public: virtual bool __thiscall sf::RenderWindow::setActive(bool)" (__imp_?setActive@RenderWindow@sf@@UAE_N_N@Z)
Game.obj : error LNK2001: unresolved external symbol "__declspec(dllimport) public: virtual class sf::Vector2<unsigned int> __thiscall sf::RenderWindow::getSize(void)const " (__imp_?getSize@RenderWindow@sf@@UBE?AV?$Vector2@I@2@XZ)
Game.obj : error LNK2001: unresolved external symbol "__declspec(dllimport) public: virtual __thiscall sf::RenderWindow::~RenderWindow(void)" (__imp_??1RenderWindow@sf@@UAE@XZ)
Game.obj : error LNK2001: unresolved external symbol "__declspec(dllimport) public: __thiscall sf::RenderWindow::RenderWindow(class sf::VideoMode,class sf::String const &,unsigned int,struct sf::ContextSettings const &)" (__imp_??0RenderWindow@sf@@QAE@VVideoMode@1@ABVString@1@IABUContextSettings@1@@Z)
Game.obj : error LNK2001: unresolved external symbol "__declspec(dllimport) public: __thiscall sf::Color::Color(unsigned char,unsigned char,unsigned char,unsigned char)" (__imp_??0Color@sf@@QAE@EEEE@Z)
Game.obj : error LNK2001: unresolved external symbol "__declspec(dllimport) public: __thiscall sf::Image::~Image(void)" (__imp_??1Image@sf@@QAE@XZ)
Game.obj : error LNK2001: unresolved external symbol "__declspec(dllimport) public: static class sf::Color const sf::Color::Yellow" (__imp_?Yellow@Color@sf@@2V12@B)
Game.obj : error LNK2001: unresolved external symbol "__declspec(dllimport) public: void __thiscall sf::Window::display(void)" (__imp_?display@Window@sf@@QAEXXZ)
Game.obj : error LNK2001: unresolved external symbol "__declspec(dllimport) public: void __thiscall sf::Window::setFramerateLimit(unsigned int)" (__imp_?setFramerateLimit@Window@sf@@QAEXI@Z)
Game.obj : error LNK2001: unresolved external symbol "__declspec(dllimport) public: void __thiscall sf::Window::setVerticalSyncEnabled(bool)" (__imp_?setVerticalSyncEnabled@Window@sf@@QAEX_N@Z)
Game.obj : error LNK2001: unresolved external symbol "__declspec(dllimport) public: bool __thiscall sf::Window::pollEvent(class sf::Event &)" (__imp_?pollEvent@Window@sf@@QAE_NAAVEvent@2@@Z)
Game.obj : error LNK2001: unresolved external symbol "__declspec(dllimport) public: bool __thiscall sf::Window::isOpen(void)const " (__imp_?isOpen@Window@sf@@QBE_NXZ)
Game.obj : error LNK2001: unresolved external symbol "__declspec(dllimport) public: void __thiscall sf::Window::close(void)" (__imp_?close@Window@sf@@QAEXXZ)
Game.obj : error LNK2001: unresolved external symbol "__declspec(dllimport) public: static class sf::Color const sf::Color::Green" (__imp_?Green@Color@sf@@2V12@B)
Game.obj : error LNK2001: unresolved external symbol "__declspec(dllimport) public: void __thiscall sf::RenderTarget::draw(class sf::Drawable const &,class sf::RenderStates const &)" (__imp_?draw@RenderTarget@sf@@QAEXABVDrawable@2@ABVRenderStates@2@@Z)
Game.obj : error LNK2001: unresolved external symbol "__declspec(dllimport) public: void __thiscall sf::RenderTarget::clear(class sf::Color const &)" (__imp_?clear@RenderTarget@sf@@QAEXABVColor@2@@Z)
Game.obj : error LNK2001: unresolved external symbol "__declspec(dllimport) public: void __thiscall sf::Shape::setOutlineColor(class sf::Color const &)" (__imp_?setOutlineColor@Shape@sf@@QAEXABVColor@2@@Z)
Game.obj : error LNK2001: unresolved external symbol "__declspec(dllimport) public: __thiscall sf::String::operator class std::basic_string<char,struct std::char_traits<char>,class std::allocator<char> >(void)const " (__imp_??BString@sf@@QBE?AV?$basic_string@DU?$char_traits@D@std@@V?$allocator@D@2@@std@@XZ)
Game.obj : error LNK2001: unresolved external symbol "__declspec(dllimport) public: __thiscall sf::String::String(char const *,class std::locale const &)" (__imp_??0String@sf@@QAE@PBDABVlocale@std@@@Z)
Game.obj : error LNK2001: unresolved external symbol "__declspec(dllimport) public: __thiscall sf::String::String(class std::basic_string<char,struct std::char_traits<char>,class std::allocator<char> > const &,class std::locale const &)" (__imp_??0String@sf@@QAE@ABV?$basic_string@DU?$char_traits@D@std@@V?$allocator@D@2@@std@@ABVlocale@3@@Z)
Game.obj : error LNK2001: unresolved external symbol "__declspec(dllimport) public: class sf::Vector2<float> const & __thiscall sf::RectangleShape::getSize(void)const " (__imp_?getSize@RectangleShape@sf@@QBEABV?$Vector2@M@2@XZ)
Game.obj : error LNK2001: unresolved external symbol "__declspec(dllimport) public: __thiscall sf::RectangleShape::RectangleShape(class sf::Vector2<float> const &)" (__imp_??0RectangleShape@sf@@QAE@ABV?$Vector2@M@1@@Z)
Game.obj : error LNK2001: unresolved external symbol "__declspec(dllimport) public: __thiscall sf::VideoMode::VideoMode(unsigned int,unsigned int,unsigned int)" (__imp_??0VideoMode@sf@@QAE@III@Z)
Game.obj : error LNK2001: unresolved external symbol "__declspec(dllimport) public: class sf::Rect<float> __thiscall sf::Sprite::getGlobalBounds(void)const " (__imp_?getGlobalBounds@Sprite@sf@@QBE?AV?$Rect@M@2@XZ)
Game.obj : error LNK2001: unresolved external symbol "__declspec(dllimport) public: class sf::String const & __thiscall sf::Text::getString(void)const " (__imp_?getString@Text@sf@@QBEABVString@2@XZ)
Game.obj : error LNK2001: unresolved external symbol "__declspec(dllimport) public: void __thiscall sf::Text::setFillColor(class sf::Color const &)" (__imp_?setFillColor@Text@sf@@QAEXABVColor@2@@Z)
Game.obj : error LNK2001: unresolved external symbol "__declspec(dllimport) public: void __thiscall sf::Text::setCharacterSize(unsigned int)" (__imp_?setCharacterSize@Text@sf@@QAEXI@Z)
Game.obj : error LNK2001: unresolved external symbol "__declspec(dllimport) public: void __thiscall sf::Text::setFont(class sf::Font const &)" (__imp_?setFont@Text@sf@@QAEXABVFont@2@@Z)
Game.obj : error LNK2001: unresolved external symbol "__declspec(dllimport) public: void __thiscall sf::Text::setString(class sf::String const &)" (__imp_?setString@Text@sf@@QAEXABVString@2@@Z)
Game.obj : error LNK2001: unresolved external symbol "__declspec(dllimport) public: __thiscall sf::Text::Text(void)" (__imp_??0Text@sf@@QAE@XZ)
Game.obj : error LNK2001: unresolved external symbol "__declspec(dllimport) public: static class sf::Vector2<int> __cdecl sf::Mouse::getPosition(class sf::Window const &)" (__imp_?getPosition@Mouse@sf@@SA?AV?$Vector2@H@2@ABVWindow@2@@Z)
Game.obj : error LNK2001: unresolved external symbol "__declspec(dllimport) public: virtual __thiscall sf::Sprite::~Sprite(void)" (__imp_??1Sprite@sf@@UAE@XZ)
Game.obj : error LNK2001: unresolved external symbol "__declspec(dllimport) public: virtual __thiscall sf::RectangleShape::~RectangleShape(void)" (__imp_??1RectangleShape@sf@@UAE@XZ)
Game.obj : error LNK2001: unresolved external symbol "__declspec(dllimport) public: __thiscall sf::String::~String(void)" (__imp_??1String@sf@@QAE@XZ)
Game.obj : error LNK2001: unresolved external symbol "__declspec(dllimport) public: virtual __thiscall sf::Text::~Text(void)" (__imp_??1Text@sf@@UAE@XZ)
MarketAction.obj : error LNK2001: unresolved external symbol "bool __cdecl cv::imwrite(class std::basic_string<char,struct std::char_traits<char>,class std::allocator<char> > const &,class cv::_InputArray const &,class std::vector<int,class std::allocator<int> > const &)" (?imwrite@cv@@YA_NABV?$basic_string@DU?$char_traits@D@std@@V?$allocator@D@2@@std@@ABV_InputArray@1@ABV?$vector@HV?$allocator@H@std@@@3@@Z)
MarketAction.obj : error LNK2001: unresolved external symbol "public: __thiscall cv::Mat::~Mat(void)" (??1Mat@cv@@QAE@XZ)
MarketAction.obj : error LNK2001: unresolved external symbol "class cv::Mat __cdecl cv::imread(class std::basic_string<char,struct std::char_traits<char>,class std::allocator<char> > const &,int)" (?imread@cv@@YA?AVMat@1@ABV?$basic_string@DU?$char_traits@D@std@@V?$allocator@D@2@@std@@H@Z)
MyImg.obj : error LNK2001: unresolved external symbol "__declspec(dllimport) public: bool __thiscall sf::Texture::loadFromImage(class sf::Image const &,class sf::Rect<int> const &)" (__imp_?loadFromImage@Texture@sf@@QAE_NABVImage@2@ABV?$Rect@H@2@@Z)
MyImg.obj : error LNK2001: unresolved external symbol "__declspec(dllimport) public: __thiscall sf::Texture::Texture(void)" (__imp_??0Texture@sf@@QAE@XZ)
MyImg.obj : error LNK2001: unresolved external symbol "__declspec(dllimport) public: bool __thiscall sf::Image::loadFromFile(class std::basic_string<char,struct std::char_traits<char>,class std::allocator<char> > const &)" (__imp_?loadFromFile@Image@sf@@QAE_NABV?$basic_string@DU?$char_traits@D@std@@V?$allocator@D@2@@std@@@Z)
MyImg.obj : error LNK2001: unresolved external symbol "__declspec(dllimport) public: __thiscall sf::Image::Image(void)" (__imp_??0Image@sf@@QAE@XZ)
MyImg.obj : error LNK2001: unresolved external symbol "__declspec(dllimport) public: void __thiscall sf::Sprite::setTexture(class sf::Texture const &,bool)" (__imp_?setTexture@Sprite@sf@@QAEXABVTexture@2@_N@Z)
MyImg.obj : error LNK2001: unresolved external symbol "__declspec(dllimport) public: __thiscall sf::Sprite::Sprite(void)" (__imp_??0Sprite@sf@@QAE@XZ)
Shapes.obj : error LNK2001: unresolved external symbol "__declspec(dllimport) public: static class sf::Color const sf::Color::Transparent" (__imp_?Transparent@Color@sf@@2V12@B)
Shapes.obj : error LNK2001: unresolved external symbol "__declspec(dllimport) public: void __thiscall sf::Shape::setOutlineThickness(float)" (__imp_?setOutlineThickness@Shape@sf@@QAEXM@Z)
Shapes.obj : error LNK2001: unresolved external symbol "__declspec(dllimport) public: void __thiscall sf::Shape::setFillColor(class sf::Color const &)" (__imp_?setFillColor@Shape@sf@@QAEXABVColor@2@@Z)
Shapes.obj : error LNK2001: unresolved external symbol "__declspec(dllimport) public: void __thiscall sf::RectangleShape::setSize(class sf::Vector2<float> const &)" (__imp_?setSize@RectangleShape@sf@@QAEXABV?$Vector2@M@2@@Z)
Shapes.obj : error LNK2001: unresolved external symbol "__declspec(dllimport) public: __thiscall sf::Text::Text(class sf::Text const &)" (__imp_??0Text@sf@@QAE@ABV01@@Z)
Shapes.obj : error LNK2001: unresolved external symbol "__declspec(dllimport) public: __thiscall sf::RectangleShape::RectangleShape(class sf::RectangleShape const &)" (__imp_??0RectangleShape@sf@@QAE@ABV01@@Z)
Shapes.obj : error LNK2001: unresolved external symbol "__declspec(dllimport) public: __thiscall sf::RectangleShape::RectangleShape(class sf::RectangleShape &&)" (__imp_??0RectangleShape@sf@@QAE@$$QAV01@@Z)
D:\C++\Albion_openCV\SFML\Release\SFML.exe : fatal error LNK1120: 66 unresolved externals
